#
# There is insufficient memory for the Java Runtime Environment to continue.
# Native memory allocation (mmap) failed to map 266338304 bytes for G1 virtual space
# Possible reasons:
#   The system is out of physical RAM or swap space
#   The process is running with CompressedOops enabled, and the Java Heap may be blocking the growth of the native heap
# Possible solutions:
#   Reduce memory load on the system
#   Increase physical memory or swap space
#   Check if swap backing store is full
#   Decrease Java heap size (-Xmx/-Xms)
#   Decrease number of Java threads
#   Decrease Java thread stack sizes (-Xss)
#   Set larger code cache with -XX:ReservedCodeCacheSize=
#   JVM is running with Zero Based Compressed Oops mode in which the Java heap is
#     placed in the first 32GB address space. The Java Heap base address is the
#     maximum limit for the native heap growth. Please use -XX:HeapBaseMinAddress
#     to set the Java Heap base and to place the Java Heap above 32GB virtual address.
# This output file may be truncated or incomplete.
#
#  Out of Memory Error (os_windows.cpp:3557), pid=48336, tid=46652
#
# JRE version:  (17.0.6+10) (build )
# Java VM: OpenJDK 64-Bit Server VM (17.0.6+10, mixed mode, sharing, tiered, compressed oops, compressed class ptrs, g1 gc, windows-amd64)
# No core dump will be written. Minidumps are not enabled by default on client versions of Windows
#

---------------  S U M M A R Y ------------

Command Line: -XX:+ShowCodeDetailsInExceptionMessages -agentlib:jdwp=transport=dt_socket,suspend=y,address=localhost:50660 -javaagent:C:\Users\cheroldt\eclipse\java-2023-03\eclipse\configuration\org.eclipse.osgi\231\0\.cp\lib\javaagent-shaded.jar -Dfile.encoding=UTF-8 mazeGenerator.main

Host: Intel(R) Core(TM) i9-9900 CPU @ 3.10GHz, 16 cores, 15G,  Windows 11 , 64 bit Build 22621 (10.0.22621.2506)
Time: Tue Jan 23 10:16:34 2024 US Mountain Standard Time elapsed time: 0.022527 seconds (0d 0h 0m 0s)

---------------  T H R E A D  ---------------

Current thread (0x0000013dfa2055a0):  JavaThread "Unknown thread" [_thread_in_vm, id=46652, stack(0x00000039d6600000,0x00000039d6700000)]

Stack: [0x00000039d6600000,0x00000039d6700000]
Native frames: (J=compiled Java code, j=interpreted, Vv=VM code, C=native code)
V  [jvm.dll+0x67741a]
V  [jvm.dll+0x834434]
V  [jvm.dll+0x835bde]
V  [jvm.dll+0x836243]
V  [jvm.dll+0x2457b5]
V  [jvm.dll+0x674329]
V  [jvm.dll+0x6689da]
V  [jvm.dll+0x30489b]
V  [jvm.dll+0x30bd96]
V  [jvm.dll+0x35b57e]
V  [jvm.dll+0x35b7af]
V  [jvm.dll+0x2db778]
V  [jvm.dll+0x2dc6e4]
V  [jvm.dll+0x806131]
V  [jvm.dll+0x369331]
V  [jvm.dll+0x7e56ac]
V  [jvm.dll+0x3eb35f]
V  [jvm.dll+0x3ecea1]
C  [jli.dll+0x5267]
C  [ucrtbase.dll+0x29363]
C  [KERNEL32.dll+0x1257d]
C  [ntdll.dll+0x5aa58]


---------------  P R O C E S S  ---------------

Threads class SMR info:
_java_thread_list=0x00007ff815385fd8, length=0, elements={
}

Java Threads: ( => current thread )

Other Threads:
  0x0000013dfa272d00 GCTaskThread "GC Thread#0" [stack: 0x00000039d6700000,0x00000039d6800000] [id=37708]
  0x0000013dfa284070 ConcurrentGCThread "G1 Main Marker" [stack: 0x00000039d6800000,0x00000039d6900000] [id=48016]
  0x0000013dfa284a80 ConcurrentGCThread "G1 Conc#0" [stack: 0x00000039d6900000,0x00000039d6a00000] [id=48504]

[error occurred during error reporting (printing all threads), id 0xc0000005, EXCEPTION_ACCESS_VIOLATION (0xc0000005) at pc=0x00007ff814b5c1e7]

VM state: not at safepoint (not fully initialized)

VM Mutex/Monitor currently owned by a thread:  ([mutex/lock_event])
[0x0000013dfa201100] Heap_lock - owner thread: 0x0000013dfa2055a0

Heap address: 0x0000000703600000, size: 4042 MB, Compressed Oops mode: Zero based, Oop shift amount: 3

CDS archive(s) mapped at: [0x0000000000000000-0x0000000000000000-0x0000000000000000), size 0, SharedBaseAddress: 0x0000000800000000, ArchiveRelocationMode: 0.
Narrow klass base: 0x0000000000000000, Narrow klass shift: 0, Narrow klass range: 0x0

GC Precious Log:
<Empty>

Heap:
 garbage-first heap   total 0K, used 0K [0x0000000703600000, 0x0000000800000000)
  region size 2048K, 0 young (0K), 0 survivors (0K)

[error occurred during error reporting (printing heap information), id 0xc0000005, EXCEPTION_ACCESS_VIOLATION (0xc0000005) at pc=0x00007ff814f406f9]

GC Heap History (0 events):
No events

Dll operation events (1 events):
Event: 0.017 Loaded shared library C:\Users\cheroldt\.p2\pool\plugins\org.eclipse.justj.openjdk.hotspot.jre.full.win32.x86_64_17.0.6.v20230204-1729\jre\bin\java.dll

Deoptimization events (0 events):
No events

Classes unloaded (0 events):
No events

Classes redefined (0 events):
No events

Internal exceptions (0 events):
No events

VM Operations (0 events):
No events

Events (0 events):
No events


Dynamic libraries:
0x00007ff7b6240000 - 0x00007ff7b624e000 	C:\Users\cheroldt\.p2\pool\plugins\org.eclipse.justj.openjdk.hotspot.jre.full.win32.x86_64_17.0.6.v20230204-1729\jre\bin\javaw.exe
0x00007ff8d22b0000 - 0x00007ff8d24c7000 	C:\WINDOWS\SYSTEM32\ntdll.dll
0x00007ff8d1f10000 - 0x00007ff8d1fd4000 	C:\WINDOWS\System32\KERNEL32.dll
0x00007ff8cf110000 - 0x00007ff8cf22b000 	C:\Windows\system32\hmpalert.dll
0x00007ff8cf5f0000 - 0x00007ff8cf996000 	C:\WINDOWS\System32\KERNELBASE.dll
0x00007ff8cfdc0000 - 0x00007ff8cfed1000 	C:\WINDOWS\System32\ucrtbase.dll
0x00007ff8cc580000 - 0x00007ff8cc599000 	C:\Users\cheroldt\.p2\pool\plugins\org.eclipse.justj.openjdk.hotspot.jre.full.win32.x86_64_17.0.6.v20230204-1729\jre\bin\VCRUNTIME140.dll
0x00007ff8c0d30000 - 0x00007ff8c0d47000 	C:\Users\cheroldt\.p2\pool\plugins\org.eclipse.justj.openjdk.hotspot.jre.full.win32.x86_64_17.0.6.v20230204-1729\jre\bin\jli.dll
0x00007ff8d07e0000 - 0x00007ff8d098e000 	C:\WINDOWS\System32\USER32.dll
0x00007ff8cfc50000 - 0x00007ff8cfc76000 	C:\WINDOWS\System32\win32u.dll
0x00007ff8d0700000 - 0x00007ff8d0729000 	C:\WINDOWS\System32\GDI32.dll
0x00007ff8cfee0000 - 0x00007ff8cfff8000 	C:\WINDOWS\System32\gdi32full.dll
0x00007ff8cfd20000 - 0x00007ff8cfdba000 	C:\WINDOWS\System32\msvcp_win.dll
0x00007ff8b6f40000 - 0x00007ff8b71d3000 	C:\WINDOWS\WinSxS\amd64_microsoft.windows.common-controls_6595b64144ccf1df_6.0.22621.2506_none_270c5ae97388e100\COMCTL32.dll
0x00007ff8d0730000 - 0x00007ff8d07d7000 	C:\WINDOWS\System32\msvcrt.dll
0x00007ff8d1060000 - 0x00007ff8d1091000 	C:\WINDOWS\System32\IMM32.DLL
0x00007ff8cc570000 - 0x00007ff8cc57c000 	C:\Users\cheroldt\.p2\pool\plugins\org.eclipse.justj.openjdk.hotspot.jre.full.win32.x86_64_17.0.6.v20230204-1729\jre\bin\vcruntime140_1.dll
0x00007ff853450000 - 0x00007ff8534e1000 	C:\Users\cheroldt\.p2\pool\plugins\org.eclipse.justj.openjdk.hotspot.jre.full.win32.x86_64_17.0.6.v20230204-1729\jre\bin\msvcp140.dll
0x00007ff814870000 - 0x00007ff8154b7000 	C:\Users\cheroldt\.p2\pool\plugins\org.eclipse.justj.openjdk.hotspot.jre.full.win32.x86_64_17.0.6.v20230204-1729\jre\bin\server\jvm.dll
0x00007ff8d0170000 - 0x00007ff8d0223000 	C:\WINDOWS\System32\ADVAPI32.dll
0x00007ff8d1b60000 - 0x00007ff8d1c08000 	C:\WINDOWS\System32\sechost.dll
0x00007ff8cfcf0000 - 0x00007ff8cfd18000 	C:\WINDOWS\System32\bcrypt.dll
0x00007ff8d20d0000 - 0x00007ff8d21e7000 	C:\WINDOWS\System32\RPCRT4.dll
0x00007ff8b87e0000 - 0x00007ff8b87e9000 	C:\WINDOWS\SYSTEM32\WSOCK32.dll
0x00007ff8d21f0000 - 0x00007ff8d2261000 	C:\WINDOWS\System32\WS2_32.dll
0x00007ff8b96c0000 - 0x00007ff8b96f4000 	C:\WINDOWS\SYSTEM32\WINMM.dll
0x00007ff8c2df0000 - 0x00007ff8c2dfa000 	C:\WINDOWS\SYSTEM32\VERSION.dll
0x00007ff8ce500000 - 0x00007ff8ce518000 	C:\WINDOWS\SYSTEM32\kernel.appcore.dll
0x00007ff8cc600000 - 0x00007ff8cc60a000 	C:\Users\cheroldt\.p2\pool\plugins\org.eclipse.justj.openjdk.hotspot.jre.full.win32.x86_64_17.0.6.v20230204-1729\jre\bin\jimage.dll
0x00007ff8cce20000 - 0x00007ff8cd053000 	C:\WINDOWS\SYSTEM32\DBGHELP.DLL
0x00007ff8d0cd0000 - 0x00007ff8d1059000 	C:\WINDOWS\System32\combase.dll
0x00007ff8d1ff0000 - 0x00007ff8d20c7000 	C:\WINDOWS\System32\OLEAUT32.dll
0x00007ff8c3940000 - 0x00007ff8c3972000 	C:\WINDOWS\SYSTEM32\dbgcore.DLL
0x00007ff8cf9a0000 - 0x00007ff8cfa1a000 	C:\WINDOWS\System32\bcryptPrimitives.dll
0x00007ff8561c0000 - 0x00007ff8561fb000 	C:\Users\cheroldt\.p2\pool\plugins\org.eclipse.justj.openjdk.hotspot.jre.full.win32.x86_64_17.0.6.v20230204-1729\jre\bin\jdwp.dll
0x00007ff8b1750000 - 0x00007ff8b175e000 	C:\Users\cheroldt\.p2\pool\plugins\org.eclipse.justj.openjdk.hotspot.jre.full.win32.x86_64_17.0.6.v20230204-1729\jre\bin\instrument.dll
0x00007ff8b16c0000 - 0x00007ff8b16e5000 	C:\Users\cheroldt\.p2\pool\plugins\org.eclipse.justj.openjdk.hotspot.jre.full.win32.x86_64_17.0.6.v20230204-1729\jre\bin\java.dll

dbghelp: loaded successfully - version: 4.0.5 - missing functions: none
symbol engine: initialized successfully - sym options: 0x614 - pdb path: .;C:\Users\cheroldt\.p2\pool\plugins\org.eclipse.justj.openjdk.hotspot.jre.full.win32.x86_64_17.0.6.v20230204-1729\jre\bin;C:\WINDOWS\SYSTEM32;C:\WINDOWS\WinSxS\amd64_microsoft.windows.common-controls_6595b64144ccf1df_6.0.22621.2506_none_270c5ae97388e100;C:\Users\cheroldt\.p2\pool\plugins\org.eclipse.justj.openjdk.hotspot.jre.full.win32.x86_64_17.0.6.v20230204-1729\jre\bin\server

VM Arguments:
jvm_args: -XX:+ShowCodeDetailsInExceptionMessages -agentlib:jdwp=transport=dt_socket,suspend=y,address=localhost:50660 -javaagent:C:\Users\cheroldt\eclipse\java-2023-03\eclipse\configuration\org.eclipse.osgi\231\0\.cp\lib\javaagent-shaded.jar -Dfile.encoding=UTF-8 
java_command: mazeGenerator.main
java_class_path (initial): C:\Users\cheroldt\git\Maze-Maker\mazeGenerator\bin
Launcher Type: SUN_STANDARD

[Global flags]
     intx CICompilerCount                          = 12                                        {product} {ergonomic}
     uint ConcGCThreads                            = 3                                         {product} {ergonomic}
     uint G1ConcRefinementThreads                  = 13                                        {product} {ergonomic}
   size_t G1HeapRegionSize                         = 2097152                                   {product} {ergonomic}
    uintx GCDrainStackTargetSize                   = 64                                        {product} {ergonomic}
   size_t InitialHeapSize                          = 266338304                                 {product} {ergonomic}
   size_t MarkStackSize                            = 4194304                                   {product} {ergonomic}
   size_t MaxHeapSize                              = 4238344192                                {product} {ergonomic}
   size_t MinHeapDeltaBytes                        = 2097152                                   {product} {ergonomic}
   size_t MinHeapSize                              = 8388608                                   {product} {ergonomic}
    uintx NonNMethodCodeHeapSize                   = 7602480                                {pd product} {ergonomic}
    uintx NonProfiledCodeHeapSize                  = 122027880                              {pd product} {ergonomic}
    uintx ProfiledCodeHeapSize                     = 122027880                              {pd product} {ergonomic}
    uintx ReservedCodeCacheSize                    = 251658240                              {pd product} {ergonomic}
     bool SegmentedCodeCache                       = true                                      {product} {ergonomic}
     bool ShowCodeDetailsInExceptionMessages       = true                                   {manageable} {command line}
   size_t SoftMaxHeapSize                          = 4238344192                             {manageable} {ergonomic}
     bool UseCompressedClassPointers               = true                           {product lp64_product} {ergonomic}
     bool UseCompressedOops                        = true                           {product lp64_product} {ergonomic}
     bool UseG1GC                                  = true                                      {product} {ergonomic}
     bool UseLargePagesIndividualAllocation        = false                                  {pd product} {ergonomic}

Logging:
Log output configuration:
 #0: stdout all=warning uptime,level,tags
 #1: stderr all=off uptime,level,tags

Environment Variables:
PATH=C:\Users\cheroldt\.p2\pool\plugins\org.eclipse.justj.openjdk.hotspot.jre.full.win32.x86_64_17.0.6.v20230204-1729\jre\bin;C:/Users/cheroldt/.p2/pool/plugins/org.eclipse.justj.openjdk.hotspot.jre.full.win32.x86_64_17.0.6.v20230204-1729/jre/bin/server;C:/Users/cheroldt/.p2/pool/plugins/org.eclipse.justj.openjdk.hotspot.jre.full.win32.x86_64_17.0.6.v20230204-1729/jre/bin;C:\Program Files\PlasticSCM5\server;C:\Program Files\PlasticSCM5\client;C:\Program Files\Common Files\Oracle\Java\javapath;C:\Program Files (x86)\Common Files\Oracle\Java\javapath;C:\WINDOWS\system32;C:\WINDOWS;C:\WINDOWS\System32\Wbem;C:\WINDOWS\System32\WindowsPowerShell\v1.0\;C:\WINDOWS\System32\OpenSSH\;C:\Program Files (x86)\Plantronics\Spokes3G\;C:\Users\cheroldt\AppData\Local\Microsoft\WindowsApps;C:\Users\cheroldt\AppData\Local\GitHubDesktop\bin;;C:\WINDOWS\system32;
USERNAME=theroldt
OS=Windows_NT
PROCESSOR_IDENTIFIER=Intel64 Family 6 Model 158 Stepping 13, GenuineIntel
TMP=C:\Users\cheroldt\AppData\Local\Temp
TEMP=C:\Users\cheroldt\AppData\Local\Temp



---------------  S Y S T E M  ---------------

OS:
 Windows 11 , 64 bit Build 22621 (10.0.22621.2506)
OS uptime: 6 days 16:58 hours

CPU: total 16 (initial active 16) (8 cores per cpu, 2 threads per core) family 6 model 158 stepping 13 microcode 0xde, cx8, cmov, fxsr, ht, mmx, 3dnowpref, sse, sse2, sse3, ssse3, sse4.1, sse4.2, popcnt, lzcnt, tsc, tscinvbit, avx, avx2, aes, erms, clmul, bmi1, bmi2, adx, fma, vzeroupper, clflush, clflushopt

Memory: 4k page, system-wide physical 16165M (525M free)
TotalPageFile size 65317M (AvailPageFile size 251M)
current process WorkingSet (physical memory assigned to process): 12M, peak: 12M
current process commit charge ("private bytes"): 72M, peak: 326M

vm_info: OpenJDK 64-Bit Server VM (17.0.6+10) for windows-amd64 JRE (17.0.6+10), built on Jan 18 2023 10:08:59 by "temurin" with MS VC++ 16.7 (VS2019)

END.
